####<Jul 16, 2013 8:17:34 PM UTC> <Notice> <Security> <precise32> <SimpleServer> <[ACTIVE] ExecuteThread: '0' for queue: 'weblogic.kernel.Default (self-tuning)'> <<WLS Kernel>> <> <> <1374005854902> <BEA-090082> <Security initializing using security realm myrealm.> 
####<Jul 16, 2013 8:17:36 PM UTC> <Warning> <Store> <precise32> <SimpleServer> <[ACTIVE] ExecuteThread: '0' for queue: 'weblogic.kernel.Default (self-tuning)'> <<WLS Kernel>> <> <> <1374005856514> <BEA-280109> <Unable to load the native wlfileio library for the persistent file store "_WLS_SimpleServer". The store will use buffered I/O. The store is still operating in a transactionally safe synchronous mode. See store open log messages for the requested and final write policies.> 
####<Jul 16, 2013 8:17:42 PM UTC> <Warning> <HTTP> <precise32> <SimpleServer> <[ACTIVE] ExecuteThread: '0' for queue: 'weblogic.kernel.Default (self-tuning)'> <<WLS Kernel>> <> <> <1374005862133> <BEA-101296> <Unable to load the default compiler class "com.sun.tools.javac.Main". Using the default javac compiler to compile JSPs.> 
####<Jul 16, 2013 8:17:43 PM UTC> <Notice> <WebLogicServer> <precise32> <SimpleServer> <main> <<WLS Kernel>> <> <> <1374005863625> <BEA-000365> <Server state changed to STANDBY.> 
####<Jul 16, 2013 8:17:43 PM UTC> <Notice> <WebLogicServer> <precise32> <SimpleServer> <main> <<WLS Kernel>> <> <> <1374005863628> <BEA-000365> <Server state changed to STARTING.> 
####<Jul 16, 2013 8:17:43 PM UTC> <Notice> <Log Management> <precise32> <SimpleServer> <[ACTIVE] ExecuteThread: '1' for queue: 'weblogic.kernel.Default (self-tuning)'> <<WLS Kernel>> <> <> <1374005863977> <BEA-170027> <The server has successfully established a connection with the Domain level Diagnostic Service.> 
####<Jul 16, 2013 8:17:44 PM UTC> <Notice> <WebLogicServer> <precise32> <SimpleServer> <main> <<WLS Kernel>> <> <> <1374005864353> <BEA-000365> <Server state changed to ADMIN.> 
####<Jul 16, 2013 8:17:44 PM UTC> <Notice> <WebLogicServer> <precise32> <SimpleServer> <main> <<WLS Kernel>> <> <> <1374005864569> <BEA-000365> <Server state changed to RESUMING.> 
####<Jul 16, 2013 8:17:44 PM UTC> <Notice> <Server> <precise32> <SimpleServer> <[ACTIVE] ExecuteThread: '0' for queue: 'weblogic.kernel.Default (self-tuning)'> <<WLS Kernel>> <> <> <1374005864648> <BEA-002613> <Channel "Default[2]" is now listening on fe80:0:0:0:a00:27ff:fe12:9698:7001 for protocols iiop, t3, ldap, snmp, http.> 
####<Jul 16, 2013 8:17:44 PM UTC> <Notice> <Server> <precise32> <SimpleServer> <[ACTIVE] ExecuteThread: '0' for queue: 'weblogic.kernel.Default (self-tuning)'> <<WLS Kernel>> <> <> <1374005864651> <BEA-002613> <Channel "Default[4]" is now listening on 127.0.0.1:7001 for protocols iiop, t3, ldap, snmp, http.> 
####<Jul 16, 2013 8:17:44 PM UTC> <Notice> <Server> <precise32> <SimpleServer> <[ACTIVE] ExecuteThread: '0' for queue: 'weblogic.kernel.Default (self-tuning)'> <<WLS Kernel>> <> <> <1374005864652> <BEA-002613> <Channel "Default[1]" is now listening on 10.0.2.15:7001 for protocols iiop, t3, ldap, snmp, http.> 
####<Jul 16, 2013 8:17:44 PM UTC> <Notice> <Server> <precise32> <SimpleServer> <[ACTIVE] ExecuteThread: '0' for queue: 'weblogic.kernel.Default (self-tuning)'> <<WLS Kernel>> <> <> <1374005864654> <BEA-002613> <Channel "Default[3]" is now listening on 0:0:0:0:0:0:0:1:7001 for protocols iiop, t3, ldap, snmp, http.> 
####<Jul 16, 2013 8:17:44 PM UTC> <Notice> <Server> <precise32> <SimpleServer> <[ACTIVE] ExecuteThread: '0' for queue: 'weblogic.kernel.Default (self-tuning)'> <<WLS Kernel>> <> <> <1374005864656> <BEA-002613> <Channel "Default" is now listening on 127.0.1.1:7001 for protocols iiop, t3, ldap, snmp, http.> 
####<Jul 16, 2013 8:17:44 PM UTC> <Notice> <WebLogicServer> <precise32> <SimpleServer> <[ACTIVE] ExecuteThread: '0' for queue: 'weblogic.kernel.Default (self-tuning)'> <<WLS Kernel>> <> <> <1374005864657> <BEA-000331> <Started the WebLogic Server Administration Server "SimpleServer" for domain "SimpleDomain" running in development mode.> 
####<Jul 16, 2013 8:17:44 PM UTC> <Notice> <WebLogicServer> <precise32> <SimpleServer> <main> <<WLS Kernel>> <> <> <1374005864813> <BEA-000365> <Server state changed to RUNNING.> 
####<Jul 16, 2013 8:17:44 PM UTC> <Notice> <WebLogicServer> <precise32> <SimpleServer> <main> <<WLS Kernel>> <> <> <1374005864816> <BEA-000360> <The server started in RUNNING mode.> 
####<Jul 16, 2013 8:17:53 PM UTC> <Error> <J2EE> <precise32> <SimpleServer> <[ACTIVE] ExecuteThread: '3' for queue: 'weblogic.kernel.Default (self-tuning)'> <<WLS Kernel>> <> <> <1374005873208> <BEA-160001> <Error deploying Internal Application: weblogic.application.ModuleException: java.lang.OutOfMemoryError: PermGen space
weblogic.application.utils.StateChangeException: weblogic.application.ModuleException: java.lang.OutOfMemoryError: PermGen space
	at weblogic.application.utils.StateMachineDriver.nextState(StateMachineDriver.java:55)
	at weblogic.application.services.BackgroundDeploymentService$BackgroundDeployAction.run(BackgroundDeploymentService.java:237)
	at weblogic.work.SelfTuningWorkManagerImpl$WorkAdapterImpl.run(SelfTuningWorkManagerImpl.java:550)
	at weblogic.work.ExecuteThread.execute(ExecuteThread.java:295)
	at weblogic.work.ExecuteThread.run(ExecuteThread.java:254)
Caused By: weblogic.application.ModuleException: java.lang.OutOfMemoryError: PermGen space
	at weblogic.application.internal.ExtensibleModuleWrapper.activate(ExtensibleModuleWrapper.java:123)
	at weblogic.application.internal.flow.ModuleListenerInvoker.activate(ModuleListenerInvoker.java:114)
	at weblogic.application.internal.flow.ModuleStateDriver$2.next(ModuleStateDriver.java:192)
	at weblogic.application.internal.flow.ModuleStateDriver$2.next(ModuleStateDriver.java:187)
	at weblogic.application.utils.StateMachineDriver.nextState(StateMachineDriver.java:42)
	at weblogic.application.internal.flow.ModuleStateDriver.activate(ModuleStateDriver.java:58)
	at weblogic.application.internal.flow.DeploymentCallbackFlow.activate(DeploymentCallbackFlow.java:145)
	at weblogic.application.internal.BaseDeployment$2.next(BaseDeployment.java:729)
	at weblogic.application.utils.StateMachineDriver.nextState(StateMachineDriver.java:42)
	at weblogic.application.internal.BaseDeployment.activate(BaseDeployment.java:258)
	at weblogic.application.internal.SingleModuleDeployment.activate(SingleModuleDeployment.java:48)
	at weblogic.application.services.BackgroundDeploymentService$2.next(BackgroundDeploymentService.java:337)
	at weblogic.application.utils.StateMachineDriver.nextState(StateMachineDriver.java:42)
	at weblogic.application.services.BackgroundDeploymentService$BackgroundDeployAction.run(BackgroundDeploymentService.java:237)
	at weblogic.work.SelfTuningWorkManagerImpl$WorkAdapterImpl.run(SelfTuningWorkManagerImpl.java:550)
	at weblogic.work.ExecuteThread.execute(ExecuteThread.java:295)
	at weblogic.work.ExecuteThread.run(ExecuteThread.java:254)
Caused By: java.lang.OutOfMemoryError: PermGen space
	at java.io.ObjectOutputStream.putFields(ObjectOutputStream.java:460)
	at java.util.Vector.writeObject(Vector.java:1065)
	at sun.reflect.NativeMethodAccessorImpl.invoke0(Native Method)
	at sun.reflect.NativeMethodAccessorImpl.invoke(NativeMethodAccessorImpl.java:57)
	at sun.reflect.DelegatingMethodAccessorImpl.invoke(DelegatingMethodAccessorImpl.java:43)
	at java.lang.reflect.Method.invoke(Method.java:606)
	at java.io.ObjectStreamClass.invokeWriteObject(ObjectStreamClass.java:988)
	at java.io.ObjectOutputStream.writeSerialData(ObjectOutputStream.java:1493)
	at java.io.ObjectOutputStream.writeOrdinaryObject(ObjectOutputStream.java:1429)
	at java.io.ObjectOutputStream.writeObject0(ObjectOutputStream.java:1175)
	at java.io.ObjectOutputStream.defaultWriteFields(ObjectOutputStream.java:1541)
	at java.io.ObjectOutputStream.writeSerialData(ObjectOutputStream.java:1506)
	at java.io.ObjectOutputStream.writeOrdinaryObject(ObjectOutputStream.java:1429)
	at java.io.ObjectOutputStream.writeObject0(ObjectOutputStream.java:1175)
	at java.io.ObjectOutputStream.writeObject(ObjectOutputStream.java:347)
	at weblogic.rmi.extensions.server.CBVOutputStream.writeObject(CBVOutputStream.java:80)
	at weblogic.jndi.internal.JNDIHelper.copyObject(JNDIHelper.java:39)
	at weblogic.jndi.WLSJNDIEnvironmentImpl.copyObject(WLSJNDIEnvironmentImpl.java:78)
	at weblogic.jndi.internal.WLEventContextImpl.copyObject(WLEventContextImpl.java:386)
	at weblogic.jndi.internal.WLEventContextImpl.bind(WLEventContextImpl.java:279)
	at weblogic.application.naming.EnvironmentBuilder.bindInGlobalNS(EnvironmentBuilder.java:1349)
	at weblogic.ejb.container.deployer.EjbJndiService.bindInGlobalNS(EjbJndiService.java:73)
	at weblogic.ejb.container.deployer.Ejb2JndiBinder.bindToNameSpaces(Ejb2JndiBinder.java:90)
	at weblogic.ejb.container.deployer.Ejb2JndiBinder.bindPortableNames(Ejb2JndiBinder.java:74)
	at weblogic.ejb.container.deployer.Ejb2JndiBinder.bindHome(Ejb2JndiBinder.java:49)
	at weblogic.ejb.container.deployer.Ejb2JndiBinder.bindToJNDI(Ejb2JndiBinder.java:233)
	at weblogic.ejb.container.deployer.Ejb3SessionBinder.bindToJNDI(Ejb3SessionBinder.java:142)
	at weblogic.ejb.container.deployer.ClientDrivenBeanInfoImpl.activate(ClientDrivenBeanInfoImpl.java:1008)
	at weblogic.ejb.container.deployer.EJBDeployer.activate(EJBDeployer.java:911)
	at weblogic.ejb.container.deployer.EJBModule.activate(EJBModule.java:488)
	at weblogic.application.internal.ExtensibleModuleWrapper$ActivateStateChange.next(ExtensibleModuleWrapper.java:317)
	at weblogic.application.internal.ExtensibleModuleWrapper$ActivateStateChange.next(ExtensibleModuleWrapper.java:313)
> 
####<Jul 16, 2013 8:18:26 PM UTC> <Notice> <WebLogicServer> <precise32> <SimpleServer> <Thread-1> <<WLS Kernel>> <> <> <1374005906151> <BEA-000388> <JVM called the WebLogic Server shutdown hook. The server will force shutdown now.> 
####<Jul 16, 2013 8:18:26 PM UTC> <Notice> <WebLogicServer> <precise32> <SimpleServer> <Thread-1> <<WLS Kernel>> <> <> <1374005906152> <BEA-000396> <Server shutdown has been requested by <WLS Kernel>.> 
####<Jul 16, 2013 8:18:26 PM UTC> <Notice> <WebLogicServer> <precise32> <SimpleServer> <Thread-1> <<WLS Kernel>> <> <> <1374005906158> <BEA-000365> <Server state changed to FORCE_SUSPENDING.> 
####<Jul 16, 2013 8:18:26 PM UTC> <Notice> <WebLogicServer> <precise32> <SimpleServer> <Thread-1> <<WLS Kernel>> <> <> <1374005906184> <BEA-000365> <Server state changed to ADMIN.> 
####<Jul 16, 2013 8:18:26 PM UTC> <Notice> <WebLogicServer> <precise32> <SimpleServer> <Thread-1> <<WLS Kernel>> <> <> <1374005906185> <BEA-000365> <Server state changed to FORCE_SHUTTING_DOWN.> 
####<Jul 16, 2013 8:18:26 PM UTC> <Notice> <Server> <precise32> <SimpleServer> <DynamicListenThread[Default]> <<WLS Kernel>> <> <> <1374005906192> <BEA-002607> <Channel "Default", listening on 127.0.1.1:7001, was shut down.> 
####<Jul 16, 2013 8:18:26 PM UTC> <Notice> <Server> <precise32> <SimpleServer> <DynamicListenThread[Default[3]]> <<WLS Kernel>> <> <> <1374005906191> <BEA-002607> <Channel "Default[3]", listening on 0:0:0:0:0:0:0:1:7001, was shut down.> 
####<Jul 16, 2013 8:18:26 PM UTC> <Notice> <Server> <precise32> <SimpleServer> <DynamicListenThread[Default[1]]> <<WLS Kernel>> <> <> <1374005906191> <BEA-002607> <Channel "Default[1]", listening on 10.0.2.15:7001, was shut down.> 
####<Jul 16, 2013 8:18:26 PM UTC> <Notice> <Server> <precise32> <SimpleServer> <DynamicListenThread[Default[4]]> <<WLS Kernel>> <> <> <1374005906191> <BEA-002607> <Channel "Default[4]", listening on 127.0.0.1:7001, was shut down.> 
####<Jul 16, 2013 8:18:26 PM UTC> <Notice> <Server> <precise32> <SimpleServer> <DynamicListenThread[Default[2]]> <<WLS Kernel>> <> <> <1374005906190> <BEA-002607> <Channel "Default[2]", listening on fe80:0:0:0:a00:27ff:fe12:9698:7001, was shut down.> 
